
**** Build of configuration Debug for project Tasking_TC397_MultiCore_RTThread ****

"D:\\App\\Tasking6_3_Install\\ctc\\bin\\amk" -j8 all 
Compiling cpuport.c
ctc W523: ["..\0_Src\0_AppSw\Tricore\rt-thread\libcpu\cpuport.c" 104/20] pointers to different types at assignment
ctc W523: ["..\0_Src\0_AppSw\Tricore\rt-thread\libcpu\cpuport.c" 239/21] pointers to different types at assignment
ctc W523: ["..\0_Src\0_AppSw\Tricore\rt-thread\libcpu\cpuport.c" 244/23] pointers to different types at assignment
ctc W505: ["..\0_Src\0_AppSw\Tricore\rt-thread\libcpu\cpuport.c" 265/5] implicit declaration of function "memset"
ctc W577: ["..\0_Src\0_AppSw\Tricore\rt-thread\libcpu\cpuport.c" 265/11] calling a function without a prototype
ctc W577: ["..\0_Src\0_AppSw\Tricore\rt-thread\libcpu\cpuport.c" 273/11] calling a function without a prototype
ctc W588: ["..\0_Src\0_AppSw\Tricore\rt-thread\libcpu\cpuport.c" 182/8] dead assignment to "to" eliminated
ctc W547: ["..\0_Src\0_AppSw\Tricore\rt-thread\libcpu\cpuport.c" 171/51] undefined enum value
0 errors, 8 warnings
Linking to Tasking_TC397_MultiCore_RTThread.elf

Time consumed: 14550 ms
**** End of build ****

Tool info: 
TASKING VX-toolset for TriCore: control program v6.3r1 Build 19041558
TASKING VX-toolset for TriCore: C compiler v6.3r1 Build 19041558 SN 09003382
TASKING VX-toolset for TriCore: assembler v6.3r1 Build 19041558
TASKING program builder v6.3r1 Build 19041558
TASKING VX-toolset for TriCore: object linker v6.3r1 Build 19041558 SN 09003382
